# JRE version: OpenJDK Runtime Environment Temurin-21.0.7+6 (21.0.7+6) (build 21.0.7+6-LTS)
# Java VM: OpenJDK 64-Bit Server VM Temurin-21.0.7+6 (21.0.7+6-LTS, mixed mode, sharing, tiered, compressed oops, compressed class ptrs, parallel gc, windows-amd64)
GC Precious Log:
 CardTable entry size: 512
 CPUs: 8 total, 8 available
 Memory: 16151M
 Large Page Support: Disabled
 NUMA Support: Disabled
 Compressed Oops: Enabled (32-bit)
 Alignments: Space 512K, Generation 512K, Heap 2M
 Heap Min Capacity: 100M
 Heap Initial Capacity: 100M
 Heap Max Capacity: 2G
 Pre-touch: Disabled
 Parallel Workers: 8
Heap:
 PSYoungGen      total 4096K, used 2908K [0x00000000d5580000, 0x00000000d5b00000, 0x0000000100000000)
  eden space 3584K, 76% used [0x00000000d5580000,0x00000000d582f1a0,0x00000000d5900000)
  from space 512K, 31% used [0x00000000d5a80000,0x00000000d5aa8000,0x00000000d5b00000)
  to   space 512K, 0% used [0x00000000d5a00000,0x00000000d5a00000,0x00000000d5a80000)
 ParOldGen       total 1286144K, used 168592K [0x0000000080000000, 0x00000000ce800000, 0x00000000d5580000)
  object space 1286144K, 13% used [0x0000000080000000,0x000000008a4a40a8,0x00000000ce800000)
 Metaspace       used 86591K, committed 88000K, reserved 1179648K
  class space    used 8608K, committed 9280K, reserved 1048576K
GC Heap History (20 events):
Event: 2058.006 GC heap before
{Heap before GC invocations=2258 (full 5):
 PSYoungGen      total 3584K, used 3103K [0x00000000d5580000, 0x00000000d5b00000, 0x0000000100000000)
  eden space 1536K, 99% used [0x00000000d5580000,0x00000000d56fffd0,0x00000000d5700000)
  from space 2048K, 76% used [0x00000000d5900000,0x00000000d5a88000,0x00000000d5b00000)
  to   space 2048K, 0% used [0x00000000d5700000,0x00000000d5700000,0x00000000d5900000)
 ParOldGen       total 1286144K, used 158110K [0x0000000080000000, 0x00000000ce800000, 0x00000000d5580000)
  object space 1286144K, 12% used [0x0000000080000000,0x0000000089a679c8,0x00000000ce800000)
 Metaspace       used 86498K, committed 87936K, reserved 1179648K
  class space    used 8597K, committed 9280K, reserved 1048576K
}
Event: 2058.009 GC heap after
{Heap after GC invocations=2258 (full 5):
 PSYoungGen      total 3584K, used 1453K [0x00000000d5580000, 0x00000000d5a80000, 0x0000000100000000)
  eden space 1536K, 0% used [0x00000000d5580000,0x00000000d5580000,0x00000000d5700000)
  from space 2048K, 70% used [0x00000000d5700000,0x00000000d586b650,0x00000000d5900000)
  to   space 1536K, 0% used [0x00000000d5900000,0x00000000d5900000,0x00000000d5a80000)
 ParOldGen       total 1286144K, used 159622K [0x0000000080000000, 0x00000000ce800000, 0x00000000d5580000)
  object space 1286144K, 12% used [0x0000000080000000,0x0000000089be19c8,0x00000000ce800000)
 Metaspace       used 86498K, committed 87936K, reserved 1179648K
  class space    used 8597K, committed 9280K, reserved 1048576K
}
Event: 2058.011 GC heap before
{Heap before GC invocations=2259 (full 5):
 PSYoungGen      total 3584K, used 2989K [0x00000000d5580000, 0x00000000d5a80000, 0x0000000100000000)
  eden space 1536K, 99% used [0x00000000d5580000,0x00000000d56fffb0,0x00000000d5700000)
  from space 2048K, 70% used [0x00000000d5700000,0x00000000d586b650,0x00000000d5900000)
  to   space 1536K, 0% used [0x00000000d5900000,0x00000000d5900000,0x00000000d5a80000)
 ParOldGen       total 1286144K, used 159622K [0x0000000080000000, 0x00000000ce800000, 0x00000000d5580000)
  object space 1286144K, 12% used [0x0000000080000000,0x0000000089be19c8,0x00000000ce800000)
 Metaspace       used 86498K, committed 87936K, reserved 1179648K
  class space    used 8597K, committed 9280K, reserved 1048576K
}
Event: 2058.013 GC heap after
{Heap after GC invocations=2259 (full 5):
 PSYoungGen      total 3584K, used 1504K [0x00000000d5580000, 0x00000000d5a80000, 0x0000000100000000)
  eden space 2048K, 0% used [0x00000000d5580000,0x00000000d5580000,0x00000000d5780000)
  from space 1536K, 97% used [0x00000000d5900000,0x00000000d5a78000,0x00000000d5a80000)
  to   space 1536K, 0% used [0x00000000d5780000,0x00000000d5780000,0x00000000d5900000)
 ParOldGen       total 1286144K, used 161012K [0x0000000080000000, 0x00000000ce800000, 0x00000000d5580000)
  object space 1286144K, 12% used [0x0000000080000000,0x0000000089d3d018,0x00000000ce800000)
 Metaspace       used 86498K, committed 87936K, reserved 1179648K
  class space    used 8597K, committed 9280K, reserved 1048576K
}
Event: 2058.018 GC heap before
{Heap before GC invocations=2260 (full 5):
 PSYoungGen      total 3584K, used 3552K [0x00000000d5580000, 0x00000000d5a80000, 0x0000000100000000)
  eden space 2048K, 100% used [0x00000000d5580000,0x00000000d5780000,0x00000000d5780000)
  from space 1536K, 97% used [0x00000000d5900000,0x00000000d5a78000,0x00000000d5a80000)
  to   space 1536K, 0% used [0x00000000d5780000,0x00000000d5780000,0x00000000d5900000)
 ParOldGen       total 1286144K, used 161012K [0x0000000080000000, 0x00000000ce800000, 0x00000000d5580000)
  object space 1286144K, 12% used [0x0000000080000000,0x0000000089d3d018,0x00000000ce800000)
 Metaspace       used 86498K, committed 87936K, reserved 1179648K
  class space    used 8597K, committed 9280K, reserved 1048576K
}
Event: 2058.024 GC heap after
{Heap after GC invocations=2260 (full 5):
 PSYoungGen      total 3584K, used 1536K [0x00000000d5580000, 0x00000000d6000000, 0x0000000100000000)
  eden space 2048K, 0% used [0x00000000d5580000,0x00000000d5580000,0x00000000d5780000)
  from space 1536K, 100% used [0x00000000d5780000,0x00000000d5900000,0x00000000d5900000)
  to   space 4096K, 0% used [0x00000000d5c00000,0x00000000d5c00000,0x00000000d6000000)
 ParOldGen       total 1286144K, used 162780K [0x0000000080000000, 0x00000000ce800000, 0x00000000d5580000)
  object space 1286144K, 12% used [0x0000000080000000,0x0000000089ef7018,0x00000000ce800000)
 Metaspace       used 86498K, committed 87936K, reserved 1179648K
  class space    used 8597K, committed 9280K, reserved 1048576K
}
Event: 2058.027 GC heap before
{Heap before GC invocations=2261 (full 5):
 PSYoungGen      total 3584K, used 3584K [0x00000000d5580000, 0x00000000d6000000, 0x0000000100000000)
  eden space 2048K, 100% used [0x00000000d5580000,0x00000000d5780000,0x00000000d5780000)
  from space 1536K, 100% used [0x00000000d5780000,0x00000000d5900000,0x00000000d5900000)
  to   space 4096K, 0% used [0x00000000d5c00000,0x00000000d5c00000,0x00000000d6000000)
 ParOldGen       total 1286144K, used 162780K [0x0000000080000000, 0x00000000ce800000, 0x00000000d5580000)
  object space 1286144K, 12% used [0x0000000080000000,0x0000000089ef7018,0x00000000ce800000)
 Metaspace       used 86500K, committed 87936K, reserved 1179648K
  class space    used 8597K, committed 9280K, reserved 1048576K
}
Event: 2058.033 GC heap after
{Heap after GC invocations=2261 (full 5):
 PSYoungGen      total 4608K, used 1581K [0x00000000d5580000, 0x00000000d5e00000, 0x0000000100000000)
  eden space 2560K, 0% used [0x00000000d5580000,0x00000000d5580000,0x00000000d5800000)
  from space 2048K, 77% used [0x00000000d5c00000,0x00000000d5d8b650,0x00000000d5e00000)
  to   space 2560K, 0% used [0x00000000d5900000,0x00000000d5900000,0x00000000d5b80000)
 ParOldGen       total 1286144K, used 164298K [0x0000000080000000, 0x00000000ce800000, 0x00000000d5580000)
  object space 1286144K, 12% used [0x0000000080000000,0x000000008a072a58,0x00000000ce800000)
 Metaspace       used 86500K, committed 87936K, reserved 1179648K
  class space    used 8597K, committed 9280K, reserved 1048576K
}
Event: 2058.039 GC heap before
{Heap before GC invocations=2262 (full 5):
 PSYoungGen      total 4608K, used 4131K [0x00000000d5580000, 0x00000000d5e00000, 0x0000000100000000)
  eden space 2560K, 99% used [0x00000000d5580000,0x00000000d57fd988,0x00000000d5800000)
  from space 2048K, 77% used [0x00000000d5c00000,0x00000000d5d8b650,0x00000000d5e00000)
  to   space 2560K, 0% used [0x00000000d5900000,0x00000000d5900000,0x00000000d5b80000)
 ParOldGen       total 1286144K, used 164298K [0x0000000080000000, 0x00000000ce800000, 0x00000000d5580000)
  object space 1286144K, 12% used [0x0000000080000000,0x000000008a072a58,0x00000000ce800000)
 Metaspace       used 86500K, committed 87936K, reserved 1179648K
  class space    used 8597K, committed 9280K, reserved 1048576K
}
Event: 2058.041 GC heap after
{Heap after GC invocations=2262 (full 5):
 PSYoungGen      total 5632K, used 224K [0x00000000d5580000, 0x00000000d5c80000, 0x0000000100000000)
  eden space 3072K, 0% used [0x00000000d5580000,0x00000000d5580000,0x00000000d5880000)
  from space 2560K, 8% used [0x00000000d5900000,0x00000000d5938000,0x00000000d5b80000)
  to   space 1024K, 0% used [0x00000000d5b80000,0x00000000d5b80000,0x00000000d5c80000)
 ParOldGen       total 1286144K, used 164610K [0x0000000080000000, 0x00000000ce800000, 0x00000000d5580000)
  object space 1286144K, 12% used [0x0000000080000000,0x000000008a0c0a58,0x00000000ce800000)
 Metaspace       used 86500K, committed 87936K, reserved 1179648K
  class space    used 8597K, committed 9280K, reserved 1048576K
}
Event: 2058.044 GC heap before
{Heap before GC invocations=2263 (full 5):
 PSYoungGen      total 5632K, used 3296K [0x00000000d5580000, 0x00000000d5c80000, 0x0000000100000000)
  eden space 3072K, 100% used [0x00000000d5580000,0x00000000d5880000,0x00000000d5880000)
  from space 2560K, 8% used [0x00000000d5900000,0x00000000d5938000,0x00000000d5b80000)
  to   space 1024K, 0% used [0x00000000d5b80000,0x00000000d5b80000,0x00000000d5c80000)
 ParOldGen       total 1286144K, used 164610K [0x0000000080000000, 0x00000000ce800000, 0x00000000d5580000)
  object space 1286144K, 12% used [0x0000000080000000,0x000000008a0c0a58,0x00000000ce800000)
 Metaspace       used 86500K, committed 87936K, reserved 1179648K
  class space    used 8597K, committed 9280K, reserved 1048576K
}
Event: 2058.050 GC heap after
{Heap after GC invocations=2263 (full 5):
 PSYoungGen      total 3584K, used 1005K [0x00000000d5580000, 0x00000000d6080000, 0x0000000100000000)
  eden space 2560K, 0% used [0x00000000d5580000,0x00000000d5580000,0x00000000d5800000)
  from space 1024K, 98% used [0x00000000d5b80000,0x00000000d5c7b650,0x00000000d5c80000)
  to   space 3584K, 0% used [0x00000000d5800000,0x00000000d5800000,0x00000000d5b80000)
 ParOldGen       total 1286144K, used 166674K [0x0000000080000000, 0x00000000ce800000, 0x00000000d5580000)
  object space 1286144K, 12% used [0x0000000080000000,0x000000008a2c4a58,0x00000000ce800000)
 Metaspace       used 86500K, committed 87936K, reserved 1179648K
  class space    used 8597K, committed 9280K, reserved 1048576K
}
Event: 2058.509 GC heap before
{Heap before GC invocations=2264 (full 5):
 PSYoungGen      total 3584K, used 3565K [0x00000000d5580000, 0x00000000d6080000, 0x0000000100000000)
  eden space 2560K, 100% used [0x00000000d5580000,0x00000000d5800000,0x00000000d5800000)
  from space 1024K, 98% used [0x00000000d5b80000,0x00000000d5c7b650,0x00000000d5c80000)
  to   space 3584K, 0% used [0x00000000d5800000,0x00000000d5800000,0x00000000d5b80000)
 ParOldGen       total 1286144K, used 166674K [0x0000000080000000, 0x00000000ce800000, 0x00000000d5580000)
  object space 1286144K, 12% used [0x0000000080000000,0x000000008a2c4a58,0x00000000ce800000)
 Metaspace       used 86516K, committed 87936K, reserved 1179648K
  class space    used 8599K, committed 9280K, reserved 1048576K
}
Event: 2058.513 GC heap after
{Heap after GC invocations=2264 (full 5):
 PSYoungGen      total 3584K, used 960K [0x00000000d5580000, 0x00000000d5c80000, 0x0000000100000000)
  eden space 2560K, 0% used [0x00000000d5580000,0x00000000d5580000,0x00000000d5800000)
  from space 1024K, 93% used [0x00000000d5800000,0x00000000d58f0000,0x00000000d5900000)
  to   space 2048K, 0% used [0x00000000d5a80000,0x00000000d5a80000,0x00000000d5c80000)
 ParOldGen       total 1286144K, used 167736K [0x0000000080000000, 0x00000000ce800000, 0x00000000d5580000)
  object space 1286144K, 13% used [0x0000000080000000,0x000000008a3ce0a8,0x00000000ce800000)
 Metaspace       used 86516K, committed 87936K, reserved 1179648K
  class space    used 8599K, committed 9280K, reserved 1048576K
}
Event: 2058.528 GC heap before
{Heap before GC invocations=2265 (full 5):
 PSYoungGen      total 3584K, used 3520K [0x00000000d5580000, 0x00000000d5c80000, 0x0000000100000000)
  eden space 2560K, 100% used [0x00000000d5580000,0x00000000d5800000,0x00000000d5800000)
  from space 1024K, 93% used [0x00000000d5800000,0x00000000d58f0000,0x00000000d5900000)
  to   space 2048K, 0% used [0x00000000d5a80000,0x00000000d5a80000,0x00000000d5c80000)
 ParOldGen       total 1286144K, used 167736K [0x0000000080000000, 0x00000000ce800000, 0x00000000d5580000)
  object space 1286144K, 13% used [0x0000000080000000,0x000000008a3ce0a8,0x00000000ce800000)
 Metaspace       used 86583K, committed 88000K, reserved 1179648K
  class space    used 8608K, committed 9280K, reserved 1048576K
}
Event: 2058.532 GC heap after
{Heap after GC invocations=2265 (full 5):
 PSYoungGen      total 3584K, used 256K [0x00000000d5580000, 0x00000000d5b00000, 0x0000000100000000)
  eden space 3072K, 0% used [0x00000000d5580000,0x00000000d5580000,0x00000000d5880000)
  from space 512K, 50% used [0x00000000d5a80000,0x00000000d5ac0000,0x00000000d5b00000)
  to   space 1024K, 0% used [0x00000000d5900000,0x00000000d5900000,0x00000000d5a00000)
 ParOldGen       total 1286144K, used 168480K [0x0000000080000000, 0x00000000ce800000, 0x00000000d5580000)
  object space 1286144K, 13% used [0x0000000080000000,0x000000008a4880a8,0x00000000ce800000)
 Metaspace       used 86583K, committed 88000K, reserved 1179648K
  class space    used 8608K, committed 9280K, reserved 1048576K
}
Event: 2060.857 GC heap before
{Heap before GC invocations=2266 (full 5):
 PSYoungGen      total 3584K, used 3328K [0x00000000d5580000, 0x00000000d5b00000, 0x0000000100000000)
  eden space 3072K, 100% used [0x00000000d5580000,0x00000000d5880000,0x00000000d5880000)
  from space 512K, 50% used [0x00000000d5a80000,0x00000000d5ac0000,0x00000000d5b00000)
  to   space 1024K, 0% used [0x00000000d5900000,0x00000000d5900000,0x00000000d5a00000)
 ParOldGen       total 1286144K, used 168480K [0x0000000080000000, 0x00000000ce800000, 0x00000000d5580000)
  object space 1286144K, 13% used [0x0000000080000000,0x000000008a4880a8,0x00000000ce800000)
 Metaspace       used 86589K, committed 88000K, reserved 1179648K
  class space    used 8608K, committed 9280K, reserved 1048576K
}
Event: 2060.859 GC heap after
{Heap after GC invocations=2266 (full 5):
 PSYoungGen      total 4608K, used 224K [0x00000000d5580000, 0x00000000d5b00000, 0x0000000100000000)
  eden space 3584K, 0% used [0x00000000d5580000,0x00000000d5580000,0x00000000d5900000)
  from space 1024K, 21% used [0x00000000d5900000,0x00000000d5938000,0x00000000d5a00000)
  to   space 512K, 0% used [0x00000000d5a80000,0x00000000d5a80000,0x00000000d5b00000)
 ParOldGen       total 1286144K, used 168528K [0x0000000080000000, 0x00000000ce800000, 0x00000000d5580000)
  object space 1286144K, 13% used [0x0000000080000000,0x000000008a4940a8,0x00000000ce800000)
 Metaspace       used 86589K, committed 88000K, reserved 1179648K
  class space    used 8608K, committed 9280K, reserved 1048576K
}
Event: 2089.893 GC heap before
{Heap before GC invocations=2267 (full 5):
 PSYoungGen      total 4608K, used 3808K [0x00000000d5580000, 0x00000000d5b00000, 0x0000000100000000)
  eden space 3584K, 100% used [0x00000000d5580000,0x00000000d5900000,0x00000000d5900000)
  from space 1024K, 21% used [0x00000000d5900000,0x00000000d5938000,0x00000000d5a00000)
  to   space 512K, 0% used [0x00000000d5a80000,0x00000000d5a80000,0x00000000d5b00000)
 ParOldGen       total 1286144K, used 168528K [0x0000000080000000, 0x00000000ce800000, 0x00000000d5580000)
  object space 1286144K, 13% used [0x0000000080000000,0x000000008a4940a8,0x00000000ce800000)
 Metaspace       used 86591K, committed 88000K, reserved 1179648K
  class space    used 8608K, committed 9280K, reserved 1048576K
}
Event: 2089.894 GC heap after
{Heap after GC invocations=2267 (full 5):
 PSYoungGen      total 4096K, used 160K [0x00000000d5580000, 0x00000000d5b00000, 0x0000000100000000)
  eden space 3584K, 0% used [0x00000000d5580000,0x00000000d5580000,0x00000000d5900000)
  from space 512K, 31% used [0x00000000d5a80000,0x00000000d5aa8000,0x00000000d5b00000)
  to   space 512K, 0% used [0x00000000d5a00000,0x00000000d5a00000,0x00000000d5a80000)
 ParOldGen       total 1286144K, used 168592K [0x0000000080000000, 0x00000000ce800000, 0x00000000d5580000)
  object space 1286144K, 13% used [0x0000000080000000,0x000000008a4a40a8,0x00000000ce800000)
 Metaspace       used 86591K, committed 88000K, reserved 1179648K
  class space    used 8608K, committed 9280K, reserved 1048576K
}

